<?xml version="1.0" encoding="UTF-8"?>
<!-- Generated by org.testng.reporters.JUnitReportReporter -->
<testsuite hostname="LAPTOP-9U1KJMDO" failures="0" tests="1" name="com.Test.HomePageTest" time="6.248" errors="0" timestamp="2025-10-28T14:28:33 IST" skipped="0">
  <testcase classname="com.Test.HomePageTest" name="verifySwaglabsLogo" time="6.248"/>
  <system-out/>
</testsuite> <!-- com.Test.HomePageTest -->
