<?xml version="1.0" encoding="UTF-8"?>
<!-- Generated by org.testng.reporters.JUnitReportReporter -->
<testsuite hostname="LAPTOP-9U1KJMDO" failures="0" tests="1" name="com.Test.HomePageTest" time="6.347" errors="0" timestamp="2025-10-27T22:02:55 IST" skipped="0">
  <testcase classname="com.Test.HomePageTest" name="verifyOrangeHRMLogo" time="6.347"/>
  <system-out/>
</testsuite> <!-- com.Test.HomePageTest -->
