<?xml version="1.0" encoding="UTF-8"?>
<!-- Generated by org.testng.reporters.JUnitReportReporter -->
<testsuite hostname="LAPTOP-9U1KJMDO" failures="0" tests="1" name="com.Test.Dummyclass" time="8.469" errors="0" timestamp="2025-07-04T22:18:21 IST" skipped="0">
  <testcase classname="com.Test.Dummyclass" name="dummyTest" time="8.469"/>
  <system-out/>
</testsuite> <!-- com.Test.Dummyclass -->
