<?xml version="1.0" encoding="UTF-8"?>
<!-- Generated by org.testng.reporters.JUnitReportReporter -->
<testsuite hostname="LAPTOP-9U1KJMDO" failures="0" tests="2" name="com.Test.LoginPageTest" time="18.382" errors="0" timestamp="2025-10-27T22:02:55 IST" skipped="0">
  <testcase classname="com.Test.LoginPageTest" name="inValidLoginTest" time="9.588"/>
  <system-out/>
  <testcase classname="com.Test.LoginPageTest" name="verifyValidLoginTest" time="8.794"/>
  <system-out/>
</testsuite> <!-- com.Test.LoginPageTest -->
