<?xml version="1.0" encoding="UTF-8"?>
<!-- Generated by org.testng.reporters.JUnitReportReporter -->
<testsuite hostname="LAPTOP-9U1KJMDO" failures="0" tests="2" name="com.Test.LoginPageTest" time="27.584" errors="0" timestamp="2025-10-28T14:28:33 IST" skipped="0">
  <testcase classname="com.Test.LoginPageTest" name="inValidLoginTest" time="19.128"/>
  <system-out/>
  <testcase classname="com.Test.LoginPageTest" name="verifyValidLoginTest" time="8.456"/>
  <system-out/>
</testsuite> <!-- com.Test.LoginPageTest -->
