<?xml version="1.0" encoding="UTF-8"?>
<!-- Generated by org.testng.reporters.JUnitReportReporter -->
<testsuite hostname="LAPTOP-9U1KJMDO" failures="0" tests="1" name="com.Test.Dummyclass2" time="7.173" errors="0" timestamp="2025-07-03T23:05:12 IST" skipped="0">
  <testcase classname="com.Test.Dummyclass2" name="dummyTest" time="7.173"/>
  <system-out/>
</testsuite> <!-- com.Test.Dummyclass2 -->
